This is pdfTeX, Version 3.14159265-2.6-1.40.15 (MiKTeX 2.9 64-bit) (preloaded format=pdftex 2016.4.26)  17 JAN 2018 23:12
entering extended mode
**C:/Users/Utilisateur/Desktop/terpremisse/ref.bib
(C:/Users/Utilisateur/Desktop/terpremisse/ref.bib
Overfull \hbox (36.05177pt too wide) in paragraph at lines 3--15
\tenrm mod-els;neural nets;neurophysiology;Hodgkin-Huxley-type dy-nam-ics;biolo
gically plau-si-bil-ity;bursting neu-rons;cortical|

\hbox(6.94444+1.94444)x469.75499, glue set - 1.0
.\tenrm m
.\tenrm o
.\kern0.27779
.\tenrm d
.\discretionary
..\tenrm -
.etc.


Overfull \hbox (24.21841pt too wide) in paragraph at lines 3--15
\tenrm ing;Biology com-put-ing;Biomembranes;Brain mod-el-ing;Computational mode
ling;Large-scale sys-tems;Mathematical|

\hbox(6.94444+1.94444)x469.75499, glue set - 1.0
.\tenrm i
.\tenrm n
.\tenrm g
.\tenrm ;
.\tenrm B
.etc.


Overfull \hbox (35.35716pt too wide) in paragraph at lines 33--43
[]\tenrm @articleizhikevich2008large, title=Large-scale model of mam-malian tha
-la-m-o-cor-ti-cal sys-tems, au-thor=Izhikevich,|

\hbox(6.94444+1.94444)x469.75499, glue set - 1.0
.\hbox(0.0+0.0)x20.0
.\tenrm @
.\tenrm a
.\tenrm r
.\tenrm t
.etc.


Overfull \hbox (146.07951pt too wide) in paragraph at lines 73--78
[]\tenrm @miscCN, ti-tle = Com-pu-ta-tional neu-ro-science course by Uni-ver-si
ty of Wash-ing-ton, url= "https://www.coursera.org/learn/computational-|

\hbox(7.5+2.5)x469.75499, glue set - 1.0
.\hbox(0.0+0.0)x20.0
.\tenrm @
.\tenrm m
.\tenrm i
.\tenrm s
.etc.

)
*
! Emergency stop.
<*> ...ers/Utilisateur/Desktop/terpremisse/ref.bib
                                                  
End of file on the terminal!

!  ==> Fatal error occurred, no output PDF file produced!
