\BOOKMARK [1][-]{section.1}{Introduction}{}% 1
\BOOKMARK [1][-]{section.2}{Mod\351lisation d'un neurone}{}% 2
\BOOKMARK [2][-]{subsection.2.1}{Rappel sur les aspects neurobiologiques}{section.2}% 3
\BOOKMARK [2][-]{subsection.2.2}{Limites des neurones formels}{section.2}% 4
\BOOKMARK [2][-]{subsection.2.3}{Integrate and fire - Leaky Integrate and fire}{section.2}% 5
\BOOKMARK [2][-]{subsection.2.4}{Mod\350le de Hodgkin-Huxhkley}{section.2}% 6
\BOOKMARK [2][-]{subsection.2.5}{Mod\350le de FitzHugh-Nagumo}{section.2}% 7
\BOOKMARK [2][-]{subsection.2.6}{Mod\350le de Izhikeviech}{section.2}% 8
\BOOKMARK [2][-]{subsection.2.7}{Mod\350le par processus de Poisson}{section.2}% 9
\BOOKMARK [2][-]{subsection.2.8}{Impl\351mentations suppl\351mentaires conditionnelles au fait que le reste soit fait}{section.2}% 10
\BOOKMARK [1][-]{section.3}{Mod\351lisation de r\351seaux de neurones}{}% 11
\BOOKMARK [2][-]{subsection.3.1}{Mod\350le de synapses entre deux neurones pour un spike}{section.3}% 12
\BOOKMARK [2][-]{subsection.3.2}{Generalisation \340 plusieurs spikes}{section.3}% 13
\BOOKMARK [2][-]{subsection.3.3}{Generalisation \340 plus de deux neurones}{section.3}% 14
\BOOKMARK [2][-]{subsection.3.4}{Mod\350les et architectures de r\351seaux}{section.3}% 15
\BOOKMARK [2][-]{subsection.3.5}{Apprentissage}{section.3}% 16
\BOOKMARK [2][-]{subsection.3.6}{Impl\351mentations suppl\351mentaires conditionnelles au fait que le reste soit fait}{section.3}% 17
\BOOKMARK [1][-]{section.4}{En ce qui concerne la partie informatique}{}% 18
\BOOKMARK [1][-]{section.5}{Applications concr\350tes et applications futures envisageables}{}% 19
\BOOKMARK [1][-]{section.6}{Notes}{}% 20
\BOOKMARK [1][-]{section*.2}{R\351f\351rences}{}% 21
